10-Jul-2024 14:41:08.292 INFO [main] org.apache.catalina.core.ApplicationContext.log ContextListener: contextInitialized()
10-Jul-2024 14:41:08.292 INFO [main] org.apache.catalina.core.ApplicationContext.log SessionListener: contextInitialized()
10-Jul-2024 14:41:08.293 INFO [main] org.apache.catalina.core.ApplicationContext.log ContextListener: attributeAdded('StockTicker', 'async.Stockticker@7ee3d262')
10-Jul-2024 14:42:01.089 INFO [Thread-1] org.apache.catalina.core.ApplicationContext.log SessionListener: contextDestroyed()
10-Jul-2024 14:42:01.089 INFO [Thread-1] org.apache.catalina.core.ApplicationContext.log ContextListener: contextDestroyed()
10-Jul-2024 14:47:19.076 INFO [main] org.apache.catalina.core.ApplicationContext.log ContextListener: contextInitialized()
10-Jul-2024 14:47:19.076 INFO [main] org.apache.catalina.core.ApplicationContext.log SessionListener: contextInitialized()
10-Jul-2024 14:47:19.077 INFO [main] org.apache.catalina.core.ApplicationContext.log ContextListener: attributeAdded('StockTicker', 'async.Stockticker@10c2064a')
10-Jul-2024 14:47:24.875 INFO [Thread-1] org.apache.catalina.core.ApplicationContext.log SessionListener: contextDestroyed()
10-Jul-2024 14:47:24.875 INFO [Thread-1] org.apache.catalina.core.ApplicationContext.log ContextListener: contextDestroyed()
10-Jul-2024 14:49:59.068 INFO [main] org.apache.catalina.core.ApplicationContext.log ContextListener: contextInitialized()
10-Jul-2024 14:49:59.068 INFO [main] org.apache.catalina.core.ApplicationContext.log SessionListener: contextInitialized()
10-Jul-2024 14:49:59.068 INFO [main] org.apache.catalina.core.ApplicationContext.log ContextListener: attributeAdded('StockTicker', 'async.Stockticker@10c2064a')
10-Jul-2024 14:50:12.555 INFO [Thread-1] org.apache.catalina.core.ApplicationContext.log SessionListener: contextDestroyed()
10-Jul-2024 14:50:12.555 INFO [Thread-1] org.apache.catalina.core.ApplicationContext.log ContextListener: contextDestroyed()
10-Jul-2024 14:50:15.075 INFO [main] org.apache.catalina.core.ApplicationContext.log ContextListener: contextInitialized()
10-Jul-2024 14:50:15.075 INFO [main] org.apache.catalina.core.ApplicationContext.log SessionListener: contextInitialized()
10-Jul-2024 14:50:15.076 INFO [main] org.apache.catalina.core.ApplicationContext.log ContextListener: attributeAdded('StockTicker', 'async.Stockticker@18ac53e8')
10-Jul-2024 14:50:18.429 INFO [Thread-1] org.apache.catalina.core.ApplicationContext.log SessionListener: contextDestroyed()
10-Jul-2024 14:50:18.429 INFO [Thread-1] org.apache.catalina.core.ApplicationContext.log ContextListener: contextDestroyed()
10-Jul-2024 14:50:47.080 INFO [main] org.apache.catalina.core.ApplicationContext.log ContextListener: contextInitialized()
10-Jul-2024 14:50:47.080 INFO [main] org.apache.catalina.core.ApplicationContext.log SessionListener: contextInitialized()
10-Jul-2024 14:50:47.081 INFO [main] org.apache.catalina.core.ApplicationContext.log ContextListener: attributeAdded('StockTicker', 'async.Stockticker@611df6e3')
10-Jul-2024 14:51:16.545 INFO [Thread-1] org.apache.catalina.core.ApplicationContext.log SessionListener: contextDestroyed()
10-Jul-2024 14:51:16.545 INFO [Thread-1] org.apache.catalina.core.ApplicationContext.log ContextListener: contextDestroyed()
10-Jul-2024 14:51:54.052 INFO [main] org.apache.catalina.core.ApplicationContext.log ContextListener: contextInitialized()
10-Jul-2024 14:51:54.052 INFO [main] org.apache.catalina.core.ApplicationContext.log SessionListener: contextInitialized()
10-Jul-2024 14:51:54.052 INFO [main] org.apache.catalina.core.ApplicationContext.log ContextListener: attributeAdded('StockTicker', 'async.Stockticker@5f2f577')
10-Jul-2024 14:51:55.453 INFO [Thread-1] org.apache.catalina.core.ApplicationContext.log SessionListener: contextDestroyed()
10-Jul-2024 14:51:55.453 INFO [Thread-1] org.apache.catalina.core.ApplicationContext.log ContextListener: contextDestroyed()
10-Jul-2024 14:52:10.330 INFO [main] org.apache.catalina.core.ApplicationContext.log ContextListener: contextInitialized()
10-Jul-2024 14:52:10.331 INFO [main] org.apache.catalina.core.ApplicationContext.log SessionListener: contextInitialized()
10-Jul-2024 14:52:10.331 INFO [main] org.apache.catalina.core.ApplicationContext.log ContextListener: attributeAdded('StockTicker', 'async.Stockticker@52500920')
10-Jul-2024 14:52:12.026 INFO [Thread-1] org.apache.catalina.core.ApplicationContext.log SessionListener: contextDestroyed()
10-Jul-2024 14:52:12.026 INFO [Thread-1] org.apache.catalina.core.ApplicationContext.log ContextListener: contextDestroyed()
10-Jul-2024 14:52:23.501 INFO [main] org.apache.catalina.core.ApplicationContext.log ContextListener: contextInitialized()
10-Jul-2024 14:52:23.501 INFO [main] org.apache.catalina.core.ApplicationContext.log SessionListener: contextInitialized()
10-Jul-2024 14:52:23.502 INFO [main] org.apache.catalina.core.ApplicationContext.log ContextListener: attributeAdded('StockTicker', 'async.Stockticker@60d8c0dc')
10-Jul-2024 14:52:35.124 INFO [Thread-1] org.apache.catalina.core.ApplicationContext.log SessionListener: contextDestroyed()
10-Jul-2024 14:52:35.125 INFO [Thread-1] org.apache.catalina.core.ApplicationContext.log ContextListener: contextDestroyed()
10-Jul-2024 17:29:14.031 INFO [main] org.apache.catalina.core.ApplicationContext.log ContextListener: contextInitialized()
10-Jul-2024 17:29:14.031 INFO [main] org.apache.catalina.core.ApplicationContext.log SessionListener: contextInitialized()
10-Jul-2024 17:29:14.032 INFO [main] org.apache.catalina.core.ApplicationContext.log ContextListener: attributeAdded('StockTicker', 'async.Stockticker@76c7beb3')
10-Jul-2024 17:29:27.531 INFO [Thread-1] org.apache.catalina.core.ApplicationContext.log SessionListener: contextDestroyed()
10-Jul-2024 17:29:27.531 INFO [Thread-1] org.apache.catalina.core.ApplicationContext.log ContextListener: contextDestroyed()
10-Jul-2024 17:38:30.720 INFO [main] org.apache.catalina.core.ApplicationContext.log ContextListener: contextInitialized()
10-Jul-2024 17:38:30.720 INFO [main] org.apache.catalina.core.ApplicationContext.log SessionListener: contextInitialized()
10-Jul-2024 17:38:30.721 INFO [main] org.apache.catalina.core.ApplicationContext.log ContextListener: attributeAdded('StockTicker', 'async.Stockticker@18a3962d')
10-Jul-2024 17:43:27.276 INFO [Thread-1] org.apache.catalina.core.ApplicationContext.log SessionListener: contextDestroyed()
10-Jul-2024 17:43:27.276 INFO [Thread-1] org.apache.catalina.core.ApplicationContext.log ContextListener: contextDestroyed()
10-Jul-2024 17:43:45.609 INFO [main] org.apache.catalina.core.ApplicationContext.log ContextListener: contextInitialized()
10-Jul-2024 17:43:45.609 INFO [main] org.apache.catalina.core.ApplicationContext.log SessionListener: contextInitialized()
10-Jul-2024 17:43:45.610 INFO [main] org.apache.catalina.core.ApplicationContext.log ContextListener: attributeAdded('StockTicker', 'async.Stockticker@53e211ee')
10-Jul-2024 17:45:38.168 INFO [Thread-1] org.apache.catalina.core.ApplicationContext.log SessionListener: contextDestroyed()
10-Jul-2024 17:45:38.168 INFO [Thread-1] org.apache.catalina.core.ApplicationContext.log ContextListener: contextDestroyed()
10-Jul-2024 17:46:02.744 INFO [main] org.apache.catalina.core.ApplicationContext.log ContextListener: contextInitialized()
10-Jul-2024 17:46:02.744 INFO [main] org.apache.catalina.core.ApplicationContext.log SessionListener: contextInitialized()
10-Jul-2024 17:46:02.745 INFO [main] org.apache.catalina.core.ApplicationContext.log ContextListener: attributeAdded('StockTicker', 'async.Stockticker@b2f4ece')
10-Jul-2024 17:46:19.306 INFO [Thread-1] org.apache.catalina.core.ApplicationContext.log SessionListener: contextDestroyed()
10-Jul-2024 17:46:19.306 INFO [Thread-1] org.apache.catalina.core.ApplicationContext.log ContextListener: contextDestroyed()
10-Jul-2024 19:41:21.808 INFO [main] org.apache.catalina.core.ApplicationContext.log ContextListener: contextInitialized()
10-Jul-2024 19:41:21.808 INFO [main] org.apache.catalina.core.ApplicationContext.log SessionListener: contextInitialized()
10-Jul-2024 19:41:21.808 INFO [main] org.apache.catalina.core.ApplicationContext.log ContextListener: attributeAdded('StockTicker', 'async.Stockticker@1de9d54')
10-Jul-2024 19:46:20.349 INFO [Thread-1] org.apache.catalina.core.ApplicationContext.log SessionListener: contextDestroyed()
10-Jul-2024 19:46:20.349 INFO [Thread-1] org.apache.catalina.core.ApplicationContext.log ContextListener: contextDestroyed()
